TN:
SF:src/ts/functions.ts
FN:3,(anonymous_0)
FN:5,(anonymous_1)
FNF:2
FNH:2
FNDA:6,(anonymous_0)
FNDA:14,(anonymous_1)
DA:3,1
DA:4,6
DA:5,6
DA:6,14
DA:7,12
DA:8,12
LF:6
LH:6
BRDA:3,0,0,0
BRDA:6,1,0,2
BRDA:7,2,0,9
BRDA:7,2,1,3
BRDA:8,3,0,5
BRDA:8,3,1,7
BRF:6
BRH:5
end_of_record
TN:
SF:src/ts/movieApp.ts
FN:7,(anonymous_0)
FN:9,(anonymous_1)
FN:15,handleSubmit
FNF:3
FNH:3
FNDA:1,(anonymous_0)
FNDA:1,(anonymous_1)
FNDA:2,handleSubmit
DA:2,1
DA:3,1
DA:5,1
DA:7,1
DA:8,1
DA:9,1
DA:10,1
DA:11,1
DA:15,1
DA:16,2
DA:18,2
DA:21,2
DA:23,2
DA:24,2
DA:26,2
DA:27,2
DA:29,0
DA:32,0
LF:18
LH:16
BRDA:26,0,0,2
BRDA:26,0,1,0
BRF:2
BRH:1
end_of_record
TN:
SF:src/ts/services/movieService.ts
FN:7,(anonymous_0)
FNF:1
FNH:1
FNDA:3,(anonymous_0)
DA:3,1
DA:5,1
DA:7,1
DA:8,3
DA:9,3
DA:11,2
DA:13,1
LF:7
LH:7
BRDA:11,0,0,1
BRDA:11,0,1,1
BRF:2
BRH:2
end_of_record
TN:
SF:src/ts/ui/renderHTML.ts
FN:3,renderMovies
FN:23,displayNoResult
FNF:2
FNH:2
FNDA:5,renderMovies
FNDA:1,displayNoResult
DA:3,2
DA:4,5
DA:5,5
DA:6,8
DA:8,8
DA:9,8
DA:10,8
DA:12,8
DA:13,8
DA:14,8
DA:15,8
DA:17,8
DA:18,8
DA:19,8
DA:23,2
DA:24,1
DA:25,1
DA:26,1
DA:27,1
LF:19
LH:19
BRF:0
BRH:0
end_of_record
